# JRE version: OpenJDK Runtime Environment (17.0.7) (build 17.0.7+0-b2043.56-10550314)
# Java VM: OpenJDK 64-Bit Server VM (17.0.7+0-b2043.56-10550314, mixed mode, tiered, compressed oops, compressed class ptrs, g1 gc, windows-amd64)
GC Precious Log:
 CPUs: 4 total, 4 available
 Memory: 3948M
 Large Page Support: Disabled
 NUMA Support: Disabled
 Compressed Oops: Enabled (32-bit)
 Heap Region Size: 1M
 Heap Min Capacity: 8M
 Heap Initial Capacity: 62M
 Heap Max Capacity: 988M
 Pre-touch: Disabled
 Parallel Workers: 4
 Concurrent Workers: 1
 Concurrent Refinement Workers: 4
 Periodic GC: Disabled
Heap:
 garbage-first heap   total 100352K, used 54469K [0x00000000c2400000, 0x0000000100000000)
  region size 1024K, 1 young (1024K), 1 survivors (1024K)
 Metaspace       used 66291K, committed 66496K, reserved 1114112K
  class space    used 7751K, committed 7872K, reserved 1048576K
GC Heap History (20 events):
Event: 6.902 GC heap after
{Heap after GC invocations=14 (full 0):
 garbage-first heap   total 49152K, used 23668K [0x00000000c2400000, 0x0000000100000000)
  region size 1024K, 2 young (2048K), 2 survivors (2048K)
 Metaspace       used 45389K, committed 45632K, reserved 1114112K
  class space    used 5590K, committed 5696K, reserved 1048576K
}
Event: 7.190 GC heap before
{Heap before GC invocations=14 (full 0):
 garbage-first heap   total 49152K, used 35956K [0x00000000c2400000, 0x0000000100000000)
  region size 1024K, 15 young (15360K), 2 survivors (2048K)
 Metaspace       used 45928K, committed 46144K, reserved 1114112K
  class space    used 5633K, committed 5696K, reserved 1048576K
}
Event: 7.197 GC heap after
{Heap after GC invocations=15 (full 0):
 garbage-first heap   total 49152K, used 25730K [0x00000000c2400000, 0x0000000100000000)
  region size 1024K, 2 young (2048K), 2 survivors (2048K)
 Metaspace       used 45928K, committed 46144K, reserved 1114112K
  class space    used 5633K, committed 5696K, reserved 1048576K
}
Event: 7.380 GC heap before
{Heap before GC invocations=16 (full 0):
 garbage-first heap   total 50176K, used 36994K [0x00000000c2400000, 0x0000000100000000)
  region size 1024K, 13 young (13312K), 2 survivors (2048K)
 Metaspace       used 45965K, committed 46144K, reserved 1114112K
  class space    used 5633K, committed 5696K, reserved 1048576K
}
Event: 7.390 GC heap after
{Heap after GC invocations=17 (full 0):
 garbage-first heap   total 50176K, used 29360K [0x00000000c2400000, 0x0000000100000000)
  region size 1024K, 2 young (2048K), 2 survivors (2048K)
 Metaspace       used 45965K, committed 46144K, reserved 1114112K
  class space    used 5633K, committed 5696K, reserved 1048576K
}
Event: 7.402 GC heap before
{Heap before GC invocations=17 (full 0):
 garbage-first heap   total 50176K, used 30384K [0x00000000c2400000, 0x0000000100000000)
  region size 1024K, 3 young (3072K), 2 survivors (2048K)
 Metaspace       used 45970K, committed 46144K, reserved 1114112K
  class space    used 5633K, committed 5696K, reserved 1048576K
}
Event: 7.411 GC heap after
{Heap after GC invocations=18 (full 0):
 garbage-first heap   total 100352K, used 29697K [0x00000000c2400000, 0x0000000100000000)
  region size 1024K, 1 young (1024K), 1 survivors (1024K)
 Metaspace       used 45970K, committed 46144K, reserved 1114112K
  class space    used 5633K, committed 5696K, reserved 1048576K
}
Event: 9.089 GC heap before
{Heap before GC invocations=18 (full 0):
 garbage-first heap   total 100352K, used 73729K [0x00000000c2400000, 0x0000000100000000)
  region size 1024K, 42 young (43008K), 1 survivors (1024K)
 Metaspace       used 47908K, committed 48192K, reserved 1114112K
  class space    used 5826K, committed 5952K, reserved 1048576K
}
Event: 9.105 GC heap after
{Heap after GC invocations=19 (full 0):
 garbage-first heap   total 100352K, used 36427K [0x00000000c2400000, 0x0000000100000000)
  region size 1024K, 6 young (6144K), 6 survivors (6144K)
 Metaspace       used 47908K, committed 48192K, reserved 1114112K
  class space    used 5826K, committed 5952K, reserved 1048576K
}
Event: 11.733 GC heap before
{Heap before GC invocations=19 (full 0):
 garbage-first heap   total 100352K, used 71243K [0x00000000c2400000, 0x0000000100000000)
  region size 1024K, 40 young (40960K), 6 survivors (6144K)
 Metaspace       used 52376K, committed 52608K, reserved 1114112K
  class space    used 6301K, committed 6400K, reserved 1048576K
}
Event: 11.759 GC heap after
{Heap after GC invocations=20 (full 0):
 garbage-first heap   total 100352K, used 42060K [0x00000000c2400000, 0x0000000100000000)
  region size 1024K, 5 young (5120K), 5 survivors (5120K)
 Metaspace       used 52376K, committed 52608K, reserved 1114112K
  class space    used 6301K, committed 6400K, reserved 1048576K
}
Event: 13.100 GC heap before
{Heap before GC invocations=20 (full 0):
 garbage-first heap   total 100352K, used 72780K [0x00000000c2400000, 0x0000000100000000)
  region size 1024K, 35 young (35840K), 5 survivors (5120K)
 Metaspace       used 53998K, committed 54272K, reserved 1114112K
  class space    used 6438K, committed 6592K, reserved 1048576K
}
Event: 13.128 GC heap after
{Heap after GC invocations=21 (full 0):
 garbage-first heap   total 100352K, used 47455K [0x00000000c2400000, 0x0000000100000000)
  region size 1024K, 5 young (5120K), 5 survivors (5120K)
 Metaspace       used 53998K, committed 54272K, reserved 1114112K
  class space    used 6438K, committed 6592K, reserved 1048576K
}
Event: 14.600 GC heap before
{Heap before GC invocations=21 (full 0):
 garbage-first heap   total 100352K, used 75103K [0x00000000c2400000, 0x0000000100000000)
  region size 1024K, 32 young (32768K), 5 survivors (5120K)
 Metaspace       used 58546K, committed 58752K, reserved 1114112K
  class space    used 6931K, committed 7040K, reserved 1048576K
}
Event: 14.624 GC heap after
{Heap after GC invocations=22 (full 0):
 garbage-first heap   total 100352K, used 51585K [0x00000000c2400000, 0x0000000100000000)
  region size 1024K, 4 young (4096K), 4 survivors (4096K)
 Metaspace       used 58546K, committed 58752K, reserved 1114112K
  class space    used 6931K, committed 7040K, reserved 1048576K
}
Event: 15.377 GC heap before
{Heap before GC invocations=22 (full 0):
 garbage-first heap   total 100352K, used 76161K [0x00000000c2400000, 0x0000000100000000)
  region size 1024K, 29 young (29696K), 4 survivors (4096K)
 Metaspace       used 60525K, committed 60736K, reserved 1114112K
  class space    used 7122K, committed 7232K, reserved 1048576K
}
Event: 15.395 GC heap after
{Heap after GC invocations=23 (full 0):
 garbage-first heap   total 100352K, used 55091K [0x00000000c2400000, 0x0000000100000000)
  region size 1024K, 4 young (4096K), 4 survivors (4096K)
 Metaspace       used 60525K, committed 60736K, reserved 1114112K
  class space    used 7122K, committed 7232K, reserved 1048576K
}
Event: 16.279 GC heap before
{Heap before GC invocations=24 (full 0):
 garbage-first heap   total 100352K, used 76595K [0x00000000c2400000, 0x0000000100000000)
  region size 1024K, 27 young (27648K), 4 survivors (4096K)
 Metaspace       used 65716K, committed 65984K, reserved 1114112K
  class space    used 7668K, committed 7808K, reserved 1048576K
}
Event: 16.296 GC heap after
{Heap after GC invocations=25 (full 0):
 garbage-first heap   total 100352K, used 55564K [0x00000000c2400000, 0x0000000100000000)
  region size 1024K, 2 young (2048K), 2 survivors (2048K)
 Metaspace       used 65716K, committed 65984K, reserved 1114112K
  class space    used 7668K, committed 7808K, reserved 1048576K
}
Event: 16.369 GC heap before
{Heap before GC invocations=25 (full 0):
 garbage-first heap   total 100352K, used 56588K [0x00000000c2400000, 0x0000000100000000)
  region size 1024K, 4 young (4096K), 2 survivors (2048K)
 Metaspace       used 66291K, committed 66496K, reserved 1114112K
  class space    used 7751K, committed 7872K, reserved 1048576K
}

